2025-07-07 16:32:36.369 - DBeaver 25.1.2.202507061449 is starting
2025-07-07 16:32:36.369 - OS: Windows 10 10.0 (amd64)
2025-07-07 16:32:36.369 - Java version: 21.0.5 by Eclipse Adoptium (64bit)
2025-07-07 16:32:36.369 - Install path: 'D:\web_0900_lnh\dbms\resource\dbeaver-ce-25.1.2-win32.win32.x86_64\dbeaver'
2025-07-07 16:32:36.369 - Instance path: 'file:/D:/web_0900_lnh/dbms/workspace/'
2025-07-07 16:32:36.369 - Memory available 64Mb/1024Mb
2025-07-07 16:32:36.369 - Create display
> Start Eclipse IDE UI [org.eclipse.ui.ide 3.22.600.v20250523-1502]
2025-07-07 16:32:36.470 - Initialize desktop platform...
2025-07-07 16:32:36.570 - BounceCastle bundle found. Use JCE provider BC
> Start Core File Systems [org.eclipse.core.filesystem 1.11.200.v20250513-1234]
> Start Core Resource Management [org.eclipse.core.resources 3.22.200.v20250513-1234]
> Start Team Support Core [org.eclipse.team.core 3.10.700.v20250313-0656]
> Start DBeaver UI Navigator [org.jkiss.dbeaver.ui.navigator 1.0.158.202507061449]
2025-07-07 16:32:36.747 - Initialize base platform...
2025-07-07 16:32:36.768 - Platform initialized (298ms)
2025-07-07 16:32:36.768 - Resetting workbench due to the version change (null -> 25.1.2)
2025-07-07 16:32:36.802 - Starting instance server at http://localhost:51671
2025-07-07 16:32:36.806 - Run workbench
> Start Eclipse e4 Workbench SWT [org.eclipse.e4.ui.workbench.swt 0.17.800.v20250422-1254]
> Start Eclipse Application Services [org.eclipse.e4.core.services 2.5.200.v20250326-1945]
> Start Eclipse UI Application Services [org.eclipse.e4.ui.services 1.6.500.v20250123-0754]
> Start Eclipse e4 Progress View [org.eclipse.e4.ui.progress 0.4.800.v20250422-1254]
> Start Eclipse Bindings Support [org.eclipse.e4.ui.bindings 0.14.600.v20250331-1050]
> Start Eclipse e4 core commands [org.eclipse.e4.core.commands 1.1.600.v20250307-1331]
> Start EMF XML/XMI Persistence [org.eclipse.emf.ecore.xmi 2.39.0.v20250414-1351]
> Start Eclipse CSS SWT Theme Support [org.eclipse.e4.ui.css.swt.theme 0.14.500.v20250213-1508]
> Start Eclipse e4 Workbench Add-ons [org.eclipse.e4.ui.workbench.addons.swt 1.5.700.v20250422-1254]
> Start Eclipse e4 Workbench SWT Renderer [org.eclipse.e4.ui.workbench.renderers.swt 0.16.800.v20250519-1609]
> Start Eclipse Dependency Injection Extensions [org.eclipse.e4.core.di.extensions 0.18.300.v20240413-1529]
> Start Eclipse CSS SWT Support [org.eclipse.e4.ui.css.swt 0.15.600.v20250409-1135]
2025-07-07 16:32:37.687 - Configure workbench window
> Start DBeaver SQL Model [org.jkiss.dbeaver.model.sql 1.0.148.202507061449]
2025-07-07 16:32:37.793 - Total database drivers: 124 (124)
> Start Help System Core [org.eclipse.help 3.10.500.v20250423-1201]
> Start Default Text Editor [org.eclipse.ui.editors 3.20.0.v20250514-1719]
> Start Text Editor Framework [org.eclipse.ui.workbench.texteditor 3.19.200.v20250514-1719]
2025-07-07 16:32:37.857 - Create actions
2025-07-07 16:32:37.873 - Disable Eclipse action set 'org.eclipse.ui.edit.text.actionSet.annotationNavigation'
2025-07-07 16:32:37.873 - Disable Eclipse action set 'org.eclipse.ui.WorkingSetActionSet'
2025-07-07 16:32:37.873 - Disable Eclipse action set 'org.eclipse.ui.actionSet.openFiles'
2025-07-07 16:32:37.873 - Create workbench actions
2025-07-07 16:32:38.692 - Initialize workbench window
2025-07-07 16:32:38.695 - Finish initialization
> Start DBeaver UI Editors - Data [org.jkiss.dbeaver.ui.editors.data 1.0.158.202507061449]
> Start Equinox Java Authentication and Authorization Service (JAAS) [org.eclipse.equinox.security 1.4.600.v20250521-0413]
> Start Internet Connection Management UI [org.eclipse.ui.net 1.5.400.v20240413-1529]
> Start Internet Connection Management [org.eclipse.core.net 1.5.700.v20250313-0656]
> Start DBeaver UI Editors - SQL [org.jkiss.dbeaver.ui.editors.sql 1.0.158.202507061449]
> Start GEF Classic Draw2d [org.eclipse.draw2d 3.20.0.202505280821]
> Start GEF Classic GEF (MVC) [org.eclipse.gef 3.22.0.202505280821]
> Start DBeaver ERD UI [org.jkiss.dbeaver.erd.ui 3.0.118.202507061449]
> Start DBeaver ERD Model [org.jkiss.dbeaver.erd.model 1.0.118.202507061449]
> Start DBeaver Dashboard UI [org.jkiss.dbeaver.ui.dashboard 1.0.155.202507061449]
> Start DBeaver Sample Database [org.jkiss.dbeaver.ui.config.sample 1.0.195.202507061449]
2025-07-07 16:32:43.961 - Open [https://dbeaver.io/product/version.xml]
> Start DBeaver Oracle UI [org.jkiss.dbeaver.ext.oracle.ui 1.0.145.202507061449]
> Start DBeaver Oracle Model [org.jkiss.dbeaver.ext.oracle 2.1.243.202507061449]
> Start DBeaver JDBC Model [org.jkiss.dbeaver.model.jdbc 1.0.51.202507061449]
2025-07-07 16:33:53.585 - Service 'org.jkiss.dbeaver.ui.UIServiceConnectionEditor' not found
2025-07-07 16:33:53.636 - Auth model 'native' was replaced by 'oracle_native'
2025-07-07 16:33:53.646 - Service 'org.jkiss.dbeaver.runtime.ui.UIServiceSecurity' not found
2025-07-07 16:36:11.689 - Open [https://repo1.maven.org/maven2/com/oracle/database/jdbc/ojdbc11/23.2.0.0/ojdbc11-23.2.0.0.pom]
2025-07-07 16:36:12.367 - Open [https://repo1.maven.org/maven2/com/oracle/database/nls/orai18n/23.2.0.0/orai18n-23.2.0.0.pom]
2025-07-07 16:36:12.531 - Open [https://repo1.maven.org/maven2/com/oracle/database/xml/xdb6/18.3.0.0/xdb6-18.3.0.0.pom]
2025-07-07 16:36:12.707 - Open [https://repo1.maven.org/maven2/com/oracle/database/xml/xmlparserv2/18.3.0.0/xmlparserv2-18.3.0.0.pom]
2025-07-07 16:36:12.872 - Open [https://repo1.maven.org/maven2/com/oracle/database/xml/xmlparserv2/23.2.0.0/xmlparserv2-23.2.0.0.pom]
2025-07-07 16:39:12.897 - Connect with 'Oracle' (oracle_thin-197e3d05844-62b3fda4ef54da0c)
2025-07-07 16:39:12.922 - Execution context opened (Oracle; Main; 0)
2025-07-07 16:39:13.155 - Connected (oracle_thin-197e3d05844-62b3fda4ef54da0c, Oracle JDBC driver [11.2.0.2.0])
2025-07-07 16:39:13.167 - Execution context closed (Oracle, 0)
2025-07-07 16:39:13.167 - Disconnected (oracle_thin-197e3d05844-62b3fda4ef54da0c)
2025-07-07 16:40:15.847 - Connect with 'xe' (oracle_thin-197e3ce3d21-39145d3e5eb47c6c)
2025-07-07 16:40:15.848 - Execution context opened (xe; Main; 1)
2025-07-07 16:40:15.857 - Execution context opened (xe; Metadata; 2)
2025-07-07 16:40:15.870 - Connected (oracle_thin-197e3ce3d21-39145d3e5eb47c6c, Oracle JDBC driver [11.2.0.2.0])
2025-07-07 16:40:50.445 - Can't get column 'PLUGGED_IN': Invalid column name
> Start DBeaver GIS Support [org.jkiss.dbeaver.data.gis 1.0.182.202507061449]
2025-07-07 16:45:09.634 - Service 'org.jkiss.dbeaver.ui.UIServiceConnectionEditor' not found
2025-07-07 16:45:09.665 - Auth model 'native' was replaced by 'oracle_native'
2025-07-07 16:45:09.669 - Service 'org.jkiss.dbeaver.runtime.ui.UIServiceSecurity' not found
2025-07-07 16:45:19.711 - Service 'org.jkiss.dbeaver.runtime.ui.UIServiceSecurity' not found
2025-07-07 16:45:21.147 - Service 'org.jkiss.dbeaver.runtime.ui.UIServiceSecurity' not found
2025-07-07 16:45:39.949 - Connect with 'ORCL' (oracle_thin-197e3d9045c-5c5c9d01e798d320)
2025-07-07 16:45:39.950 - Execution context opened (ORCL; Main; 3)
2025-07-07 16:45:39.964 - Connected (oracle_thin-197e3d9045c-5c5c9d01e798d320, Oracle JDBC driver [11.2.0.2.0])
2025-07-07 16:45:39.977 - Execution context closed (ORCL, 3)
2025-07-07 16:45:39.977 - Disconnected (oracle_thin-197e3d9045c-5c5c9d01e798d320)
2025-07-07 16:45:54.908 - Connect with 'xe' (oracle_thin-197e3d88df5-79547f737cb292e1)
2025-07-07 16:45:54.909 - Execution context opened (xe; Main; 4)
2025-07-07 16:45:54.918 - Execution context opened (xe; Metadata; 5)
2025-07-07 16:45:54.931 - Connected (oracle_thin-197e3d88df5-79547f737cb292e1, Oracle JDBC driver [11.2.0.2.0])
> Start DBeaver SQL Terminal [org.jkiss.dbeaver.ui.editors.sql.terminal 1.0.134.202507061449]
> Start Core Compare Support [org.eclipse.compare.core 3.8.700.v20250120-0641]
> Start Console [org.eclipse.ui.console 3.14.300.v20250509-1251]
> Start Debug Core [org.eclipse.debug.core 3.23.0.v20250509-1924]
2025-07-07 16:46:41.970 - Delete empty SQL script '\day19(dbms_01)\Scripts\Script.sql'
> Start DBeaver SQL Language Semantic Model [org.jkiss.dbeaver.model.lsm 1.0.53.202507061449]
2025-07-07 16:47:02.284 - Execution context opened (xe; SQLEditor <Script-1.sql>; 6)
> Start DBeaver Tasks - Native Tools UI [org.jkiss.dbeaver.tasks.native.ui 1.0.136.202507061449]
> Start DBeaver Tasks - General UI [org.jkiss.dbeaver.tasks.ui 1.0.136.202507061449]
2025-07-07 16:47:02.720 - Execution context opened (xe; SQLEditor <Script-2.sql>; 7)
2025-07-07 16:51:36.199 - Execution context closed (xe, 6)
2025-07-07 16:51:36.854 - Execution context closed (xe, 7)
2025-07-07 17:07:17.655 - No active connection
2025-07-07 17:07:19.853 - No active connection
2025-07-07 17:07:25.434 - No active connection
2025-07-07 17:07:29.116 - No active connection
2025-07-07 17:07:34.463 - No active connection
2025-07-07 17:07:42.440 - Execution context opened (xe; SQLEditor <Script.sql>; 8)
> Start DBeaver Tasks View [org.jkiss.dbeaver.tasks.ui.view 1.0.107.202507061449]
2025-07-07 17:20:13.165 - Token location is outside of the document boundaries during query parsing
2025-07-07 17:30:13.564 - No active connection
2025-07-07 17:30:32.796 - Service 'org.jkiss.dbeaver.ui.UIServiceConnectionEditor' not found
2025-07-07 17:30:32.828 - Auth model 'native' was replaced by 'oracle_native'
2025-07-07 17:30:32.838 - Service 'org.jkiss.dbeaver.runtime.ui.UIServiceSecurity' not found
2025-07-07 17:30:44.951 - Connect with 'Oracle' (oracle_thin-197e4024ac4-1abc43aa81cdba63)
2025-07-07 17:30:44.952 - Execution context opened (Oracle; Main; 9)
2025-07-07 17:30:44.966 - Connected (oracle_thin-197e4024ac4-1abc43aa81cdba63, Oracle JDBC driver [11.2.0.2.0])
2025-07-07 17:30:44.977 - Execution context closed (Oracle, 9)
2025-07-07 17:30:44.977 - Disconnected (oracle_thin-197e4024ac4-1abc43aa81cdba63)
2025-07-07 17:30:49.677 - Connect with 'xe' (oracle_thin-197e4021b4e-70c5fd43e02762fe)
2025-07-07 17:30:49.677 - Execution context opened (xe; Main; 10)
2025-07-07 17:30:49.689 - Execution context opened (xe; Metadata; 11)
2025-07-07 17:30:49.703 - Connected (oracle_thin-197e4021b4e-70c5fd43e02762fe, Oracle JDBC driver [11.2.0.2.0])
2025-07-07 17:30:49.710 - Execution context opened (xe; SQLEditor <Script-1.sql>; 12)
2025-07-07 17:33:07.226 - SWT resource leak detected
java.lang.Error: SWT Resource was not properly disposed
	at org.eclipse.swt.graphics.Resource.initNonDisposeTracking(Resource.java:191)
	at org.eclipse.swt.graphics.Resource.<init>(Resource.java:124)
	at org.eclipse.swt.graphics.Image.<init>(Image.java:229)
	at org.jkiss.dbeaver.ui.editors.sql.SQLEditor.doSetInput(SQLEditor.java:2416)
	at org.eclipse.ui.texteditor.AbstractTextEditor.setInputWithNotify(AbstractTextEditor.java:4249)
	at org.eclipse.ui.texteditor.AbstractTextEditor.setInput(AbstractTextEditor.java:4269)
	at org.eclipse.ui.texteditor.AbstractTextEditor$ElementStateListener$1.run(AbstractTextEditor.java:537)
	at org.eclipse.ui.texteditor.AbstractTextEditor$ElementStateListener.execute(AbstractTextEditor.java:598)
	at org.eclipse.ui.texteditor.AbstractTextEditor$ElementStateListener.elementMoved(AbstractTextEditor.java:565)
	at org.eclipse.ui.editors.text.TextFileDocumentProvider$FileBufferListener.underlyingFileMoved(TextFileDocumentProvider.java:335)
	at org.eclipse.core.internal.filebuffers.TextFileBufferManager$6.run(TextFileBufferManager.java:710)
	at org.eclipse.core.runtime.SafeRunner.run(SafeRunner.java:47)
	at org.eclipse.core.internal.filebuffers.TextFileBufferManager.fireUnderlyingFileMoved(TextFileBufferManager.java:707)
	at org.eclipse.core.internal.filebuffers.ResourceFileBuffer.handleFileMoved(ResourceFileBuffer.java:422)
	at org.eclipse.core.internal.filebuffers.ResourceFileBuffer$FileSynchronizer$3.execute(ResourceFileBuffer.java:163)
	at org.eclipse.core.internal.filebuffers.ResourceFileBuffer$SafeFileChange.run(ResourceFileBuffer.java:86)
	at org.eclipse.swt.widgets.RunnableLock.run(RunnableLock.java:40)
	at org.eclipse.swt.widgets.Synchronizer.runAsyncMessages(Synchronizer.java:132)
	at org.eclipse.swt.widgets.Display.runAsyncMessages(Display.java:4111)
	at org.eclipse.swt.widgets.Display.readAndDispatch(Display.java:3727)
	at org.eclipse.jface.operation.ModalContext$ModalContextThread.block(ModalContext.java:167)
	at org.eclipse.jface.operation.ModalContext.run(ModalContext.java:369)
	at org.eclipse.ui.internal.WorkbenchWindow.lambda$7(WorkbenchWindow.java:2335)
	at org.eclipse.swt.custom.BusyIndicator.showWhile(BusyIndicator.java:67)
	at org.eclipse.ui.internal.WorkbenchWindow.run(WorkbenchWindow.java:2332)
	at org.jkiss.dbeaver.runtime.RunnableContextDelegate.run(RunnableContextDelegate.java:39)
	at org.jkiss.dbeaver.ui.UIUtils.runInProgressService(UIUtils.java:1812)
	at org.jkiss.dbeaver.ui.navigator.actions.NavigatorHandlerObjectRename.renameNode(NavigatorHandlerObjectRename.java:88)
	at org.jkiss.dbeaver.ui.navigator.actions.NavigatorHandlerObjectRename.execute(NavigatorHandlerObjectRename.java:62)
	at org.eclipse.ui.internal.handlers.HandlerProxy.execute(HandlerProxy.java:277)
	at org.eclipse.ui.internal.handlers.E4HandlerProxy.execute(E4HandlerProxy.java:98)
	at java.base/jdk.internal.reflect.DirectMethodHandleAccessor.invoke(Unknown Source)
	at java.base/java.lang.reflect.Method.invoke(Unknown Source)
	at org.eclipse.e4.core.internal.di.MethodRequestor.execute(MethodRequestor.java:56)
	at org.eclipse.e4.core.internal.di.InjectorImpl.invokeUsingClass(InjectorImpl.java:299)
	at org.eclipse.e4.core.internal.di.InjectorImpl.invoke(InjectorImpl.java:233)
	at org.eclipse.e4.core.contexts.ContextInjectionFactory.invoke(ContextInjectionFactory.java:174)
	at org.eclipse.e4.core.commands.internal.HandlerServiceHandler.execute(HandlerServiceHandler.java:165)
	at org.eclipse.core.commands.Command.executeWithChecks(Command.java:488)
	at org.eclipse.core.commands.ParameterizedCommand.executeWithChecks(ParameterizedCommand.java:485)
	at org.eclipse.e4.core.commands.internal.HandlerServiceImpl.executeHandler(HandlerServiceImpl.java:204)
	at org.eclipse.e4.ui.workbench.renderers.swt.HandledContributionItem.executeItem(HandledContributionItem.java:444)
	at org.eclipse.e4.ui.workbench.renderers.swt.AbstractContributionItem.handleWidgetSelection(AbstractContributionItem.java:475)
	at org.eclipse.e4.ui.workbench.renderers.swt.AbstractContributionItem.lambda$2(AbstractContributionItem.java:497)
	at org.eclipse.swt.widgets.EventTable.sendEvent(EventTable.java:91)
	at org.eclipse.swt.widgets.Display.sendEvent(Display.java:4338)
	at org.eclipse.swt.widgets.Widget.sendEvent(Widget.java:1214)
	at org.eclipse.swt.widgets.Display.runDeferredEvents(Display.java:4136)
	at org.eclipse.swt.widgets.Display.readAndDispatch(Display.java:3724)
	at org.eclipse.e4.ui.internal.workbench.swt.PartRenderingEngine$5.run(PartRenderingEngine.java:1151)
	at org.eclipse.core.databinding.observable.Realm.runWithDefault(Realm.java:339)
	at org.eclipse.e4.ui.internal.workbench.swt.PartRenderingEngine.run(PartRenderingEngine.java:1042)
	at org.eclipse.e4.ui.internal.workbench.E4Workbench.createAndRunUI(E4Workbench.java:153)
	at org.eclipse.ui.internal.Workbench.lambda$3(Workbench.java:678)
	at org.eclipse.core.databinding.observable.Realm.runWithDefault(Realm.java:339)
	at org.eclipse.ui.internal.Workbench.createAndRunWorkbench(Workbench.java:583)
	at org.eclipse.ui.PlatformUI.createAndRunWorkbench(PlatformUI.java:173)
	at org.jkiss.dbeaver.ui.app.standalone.DBeaverApplication.start(DBeaverApplication.java:323)
	at org.eclipse.equinox.internal.app.EclipseAppHandle.run(EclipseAppHandle.java:219)
	at org.eclipse.core.runtime.internal.adaptor.EclipseAppLauncher.runApplication(EclipseAppLauncher.java:149)
	at org.eclipse.core.runtime.internal.adaptor.EclipseAppLauncher.start(EclipseAppLauncher.java:115)
	at org.eclipse.core.runtime.adaptor.EclipseStarter.run(EclipseStarter.java:467)
	at org.eclipse.core.runtime.adaptor.EclipseStarter.run(EclipseStarter.java:298)
	at java.base/jdk.internal.reflect.DirectMethodHandleAccessor.invoke(Unknown Source)
	at java.base/java.lang.reflect.Method.invoke(Unknown Source)
	at org.jkiss.dbeaver.launcher.DBeaverLauncher.invokeFramework(DBeaverLauncher.java:823)
	at org.jkiss.dbeaver.launcher.DBeaverLauncher.basicRun(DBeaverLauncher.java:648)
	at org.jkiss.dbeaver.launcher.DBeaverLauncher.run(DBeaverLauncher.java:1604)
2025-07-07 17:33:07.231 - SWT resource leak detected
java.lang.Error: SWT Resource was not properly disposed
	at org.eclipse.swt.graphics.Resource.initNonDisposeTracking(Resource.java:191)
	at org.eclipse.swt.graphics.Resource.<init>(Resource.java:124)
	at org.eclipse.swt.graphics.Image.<init>(Image.java:229)
	at org.jkiss.dbeaver.ui.editors.sql.SQLEditor.refreshEditorIconAndTitle(SQLEditor.java:3291)
	at org.jkiss.dbeaver.ui.editors.sql.SQLEditor.onDataSourceChange(SQLEditor.java:3201)
	at org.jkiss.dbeaver.ui.editors.sql.SQLEditor.onDataSourceChange(SQLEditor.java:3174)
	at org.jkiss.dbeaver.ui.UIExecutionQueue.executeInUI(UIExecutionQueue.java:88)
	at org.eclipse.swt.widgets.RunnableLock.run(RunnableLock.java:40)
	at org.eclipse.swt.widgets.Synchronizer.runAsyncMessages(Synchronizer.java:132)
	at org.eclipse.swt.widgets.Display.runAsyncMessages(Display.java:4111)
	at org.eclipse.swt.widgets.Display.readAndDispatch(Display.java:3727)
	at org.eclipse.e4.ui.internal.workbench.swt.PartRenderingEngine$5.run(PartRenderingEngine.java:1151)
	at org.eclipse.core.databinding.observable.Realm.runWithDefault(Realm.java:339)
	at org.eclipse.e4.ui.internal.workbench.swt.PartRenderingEngine.run(PartRenderingEngine.java:1042)
	at org.eclipse.e4.ui.internal.workbench.E4Workbench.createAndRunUI(E4Workbench.java:153)
	at org.eclipse.ui.internal.Workbench.lambda$3(Workbench.java:678)
	at org.eclipse.core.databinding.observable.Realm.runWithDefault(Realm.java:339)
	at org.eclipse.ui.internal.Workbench.createAndRunWorkbench(Workbench.java:583)
	at org.eclipse.ui.PlatformUI.createAndRunWorkbench(PlatformUI.java:173)
	at org.jkiss.dbeaver.ui.app.standalone.DBeaverApplication.start(DBeaverApplication.java:323)
	at org.eclipse.equinox.internal.app.EclipseAppHandle.run(EclipseAppHandle.java:219)
	at org.eclipse.core.runtime.internal.adaptor.EclipseAppLauncher.runApplication(EclipseAppLauncher.java:149)
	at org.eclipse.core.runtime.internal.adaptor.EclipseAppLauncher.start(EclipseAppLauncher.java:115)
	at org.eclipse.core.runtime.adaptor.EclipseStarter.run(EclipseStarter.java:467)
	at org.eclipse.core.runtime.adaptor.EclipseStarter.run(EclipseStarter.java:298)
	at java.base/jdk.internal.reflect.DirectMethodHandleAccessor.invoke(Unknown Source)
	at java.base/java.lang.reflect.Method.invoke(Unknown Source)
	at org.jkiss.dbeaver.launcher.DBeaverLauncher.invokeFramework(DBeaverLauncher.java:823)
	at org.jkiss.dbeaver.launcher.DBeaverLauncher.basicRun(DBeaverLauncher.java:648)
	at org.jkiss.dbeaver.launcher.DBeaverLauncher.run(DBeaverLauncher.java:1604)
2025-07-07 17:33:26.505 - Execution context opened (xe; SQLEditor <Script.sql>; 13)
2025-07-07 17:48:05.994 - Execution context closed (xe, 8)
2025-07-07 17:48:06.023 - Execution context closed (xe, 12)
2025-07-07 17:48:06.048 - Execution context closed (xe, 13)
2025-07-07 17:48:06.150 - Dispose navigator model
2025-07-07 17:48:06.163 - DBeaver is stopping
2025-07-07 17:48:06.163 - Stop instance server
2025-07-07 17:48:07.166 - Instance server has been stopped
2025-07-07 17:48:07.166 - DBeaver shutdown completed
